[INFO  - 2020-02-26T05:20:55.675Z] GhostDriver - Main - running on port 49316
[INFO  - 2020-02-26T05:20:55.832Z] Session [c3c7ed40-5857-11ea-9d77-037c86a15dc5] - page.settings - {"XSSAuditingEnabled":false,"javascriptCanCloseWindows":true,"javascriptCanOpenWindows":true,"javascriptEnabled":true,"loadImages":true,"localToRemoteUrlAccessEnabled":false,"userAgent":"Mozilla/5.0 (Macintosh; Intel Mac OS X) AppleWebKit/538.1 (KHTML, like Gecko) PhantomJS/2.1.1 Safari/538.1","webSecurityEnabled":true}
[INFO  - 2020-02-26T05:20:55.832Z] Session [c3c7ed40-5857-11ea-9d77-037c86a15dc5] - page.customHeaders:  - {}
[INFO  - 2020-02-26T05:20:55.832Z] Session [c3c7ed40-5857-11ea-9d77-037c86a15dc5] - Session.negotiatedCapabilities - {"browserName":"phantomjs","version":"2.1.1","driverName":"ghostdriver","driverVersion":"1.2.0","platform":"mac-unknown-64bit","javascriptEnabled":true,"takesScreenshot":true,"handlesAlerts":false,"databaseEnabled":false,"locationContextEnabled":false,"applicationCacheEnabled":false,"browserConnectionEnabled":false,"cssSelectorsEnabled":true,"webStorageEnabled":false,"rotatable":false,"acceptSslCerts":false,"nativeEvents":true,"proxy":{"proxyType":"direct"}}
[INFO  - 2020-02-26T05:20:55.832Z] SessionManagerReqHand - _postNewSessionCommand - New Session Created: c3c7ed40-5857-11ea-9d77-037c86a15dc5
[ERROR - 2020-02-26T05:21:00.724Z] WebElementLocator - _handleLocateCommand - Element(s) NOT Found: GAVE UP. Search Stop Time: 1582694460437

  phantomjs://platform/console++.js:263 in error
[ERROR - 2020-02-26T05:21:03.748Z] WebElementLocator - _handleLocateCommand - Element(s) NOT Found: GAVE UP. Search Stop Time: 1582694463595

  phantomjs://platform/console++.js:263 in error
[ERROR - 2020-02-26T05:21:05.885Z] WebElementLocator - _handleLocateCommand - Element(s) NOT Found: GAVE UP. Search Stop Time: 1582694465864

  phantomjs://platform/console++.js:263 in error
[ERROR - 2020-02-26T05:21:08.248Z] WebElementLocator - _handleLocateCommand - Element(s) NOT Found: GAVE UP. Search Stop Time: 1582694468224

  phantomjs://platform/console++.js:263 in error
[ERROR - 2020-02-26T05:21:10.732Z] WebElementLocator - _handleLocateCommand - Element(s) NOT Found: GAVE UP. Search Stop Time: 1582694470714

  phantomjs://platform/console++.js:263 in error
[ERROR - 2020-02-26T05:21:13.917Z] WebElementLocator - _handleLocateCommand - Element(s) NOT Found: GAVE UP. Search Stop Time: 1582694473874

  phantomjs://platform/console++.js:263 in error
[ERROR - 2020-02-26T05:21:15.933Z] WebElementLocator - _handleLocateCommand - Element(s) NOT Found: GAVE UP. Search Stop Time: 1582694475911

  phantomjs://platform/console++.js:263 in error
[ERROR - 2020-02-26T05:21:18.175Z] WebElementLocator - _handleLocateCommand - Element(s) NOT Found: GAVE UP. Search Stop Time: 1582694478146

  phantomjs://platform/console++.js:263 in error
